<?xml version="1.0" encoding="UTF-8"?>
<!-- Generated by org.testng.reporters.JUnitReportReporter -->
<testsuite hostname="DESKTOP-P45SIP8" failures="0" tests="2" name="TestNGPrograms.GroupTest" time="18.526" errors="0" timestamp="2023-09-26T13:43:11 IST" skipped="0">
  <testcase classname="TestNGPrograms.GroupTest" name="loginPage" time="12.977">
    <system-out>
      <![CDATA[we use google chrome version 117 for launching chrome browser]]>
    </system-out>
  </testcase> <!-- loginPage -->
  <testcase classname="TestNGPrograms.GroupTest" name="validatelogin" time="5.549"/>
  <system-out>
    <![CDATA[we use google chrome version 117 for launching chrome browser]]>
  </system-out>
</testsuite> <!-- TestNGPrograms.GroupTest -->
