<?xml version="1.0" encoding="UTF-8"?>
<!-- Generated by org.testng.reporters.JUnitReportReporter -->
<testsuite hostname="DESKTOP-P45SIP8" failures="0" tests="3" name="TestNGPrograms.DependsOnGroupsTest" time="275.489" errors="0" timestamp="2023-09-20T11:18:53 IST" skipped="0">
  <testcase classname="TestNGPrograms.DependsOnGroupsTest" name="loginpage" time="104.937"/>
  <testcase classname="TestNGPrograms.DependsOnGroupsTest" name="validateloginform" time="0.325"/>
  <testcase classname="TestNGPrograms.DependsOnGroupsTest" name="SinUp" time="170.227"/>
</testsuite> <!-- TestNGPrograms.DependsOnGroupsTest -->
