<?xml version="1.0" encoding="UTF-8"?>
<!-- Generated by org.testng.reporters.JUnitReportReporter -->
<testsuite hostname="DESKTOP-P45SIP8" failures="0" tests="2" name="TestNGPrograms.FirstTestDeMO" time="0.035" errors="0" timestamp="2023-09-13T16:57:35 IST" skipped="0">
  <testcase classname="TestNGPrograms.FirstTestDeMO" name="demotest" time="0.031"/>
  <testcase classname="TestNGPrograms.FirstTestDeMO" name="newtest" time="0.004"/>
</testsuite> <!-- TestNGPrograms.FirstTestDeMO -->
