<?xml version="1.0" encoding="UTF-8"?>
<!-- Generated by org.testng.reporters.JUnitReportReporter -->
<testsuite hostname="DESKTOP-P45SIP8" failures="0" tests="3" name="TestMethods.AutomationExerciseApplTest" time="89.815" errors="0" timestamp="2023-10-03T17:08:23 IST" skipped="0">
  <testcase classname="TestMethods.AutomationExerciseApplTest" name="login" time="42.289"/>
  <testcase classname="TestMethods.AutomationExerciseApplTest" name="validateText" time="45.047"/>
  <testcase classname="TestMethods.AutomationExerciseApplTest" name="Searchtoproduct" time="2.479"/>
</testsuite> <!-- TestMethods.AutomationExerciseApplTest -->
