<?xml version="1.0" encoding="UTF-8"?>
<!-- Generated by org.testng.reporters.JUnitReportReporter -->
<testsuite hostname="DESKTOP-P45SIP8" failures="0" tests="2" name="TestNGPrograms.AdditionParametersTest" time="0.041" errors="0" timestamp="2023-09-24T17:10:25 IST" skipped="0">
  <testcase classname="TestNGPrograms.AdditionParametersTest" name="sum" time="0.006"/>
  <testcase classname="TestNGPrograms.AdditionParametersTest" name="diff" time="0.035"/>
</testsuite> <!-- TestNGPrograms.AdditionParametersTest -->
