<?xml version="1.0" encoding="UTF-8"?>
<!-- Generated by org.testng.reporters.JUnitReportReporter -->
<testsuite hostname="DESKTOP-P45SIP8" failures="0" tests="1" name="TestNprogramsPRACTICE.AnnotationsTEST" time="0.020" errors="0" timestamp="2023-10-02T22:02:54 IST" skipped="0">
  <testcase classname="TestNprogramsPRACTICE.AnnotationsTEST" name="Test" time="0.020"/>
</testsuite> <!-- TestNprogramsPRACTICE.AnnotationsTEST -->
