<?xml version="1.0" encoding="UTF-8"?>
<!-- Generated by org.testng.reporters.JUnitReportReporter -->
<testsuite hostname="DESKTOP-P45SIP8" failures="0" tests="2" name="TestNGPrograms.FirstTestNgclass" time="0.032" errors="0" timestamp="2023-09-15T20:56:57 IST" skipped="0">
  <testcase classname="TestNGPrograms.FirstTestNgclass" name="secondtest" time="0.003"/>
  <testcase classname="TestNGPrograms.FirstTestNgclass" name="firsttest" time="0.029"/>
</testsuite> <!-- TestNGPrograms.FirstTestNgclass -->
