<?xml version="1.0" encoding="UTF-8"?>
<!-- Generated by org.testng.reporters.JUnitReportReporter -->
<testsuite hostname="DESKTOP-P45SIP8" failures="0" tests="3" name="TestNGPrograms.CrossBrowserTest2" time="101.421" errors="0" timestamp="2023-09-25T16:24:55 IST" skipped="0">
  <testcase classname="TestNGPrograms.CrossBrowserTest2" name="login" time="20.123"/>
  <testcase classname="TestNGPrograms.CrossBrowserTest2" name="login" time="23.932"/>
  <testcase classname="TestNGPrograms.CrossBrowserTest2" name="login" time="57.366"/>
</testsuite> <!-- TestNGPrograms.CrossBrowserTest2 -->
