<?xml version="1.0" encoding="UTF-8"?>
<!-- Generated by org.testng.reporters.JUnitReportReporter -->
<testsuite hostname="DESKTOP-P45SIP8" failures="0" tests="2" name="TestNGPrograms.ListenersDemoTest" time="30.633" errors="0" timestamp="2023-09-27T16:20:50 IST" skipped="0">
  <testcase classname="TestNGPrograms.ListenersDemoTest" name="login" time="15.244"/>
  <testcase classname="TestNGPrograms.ListenersDemoTest" name="login" time="15.389"/>
</testsuite> <!-- TestNGPrograms.ListenersDemoTest -->
