<?xml version="1.0" encoding="UTF-8"?>
<!-- Generated by org.testng.reporters.JUnitReportReporter -->
<testsuite hostname="DESKTOP-P45SIP8" failures="0" tests="2" name="TestNGPrograms.OptionalParameterTest" time="0.025" errors="0" timestamp="2023-09-24T17:26:46 IST" skipped="0">
  <testcase classname="TestNGPrograms.OptionalParameterTest" name="optionalmess" time="0.003"/>
  <testcase classname="TestNGPrograms.OptionalParameterTest" name="optionalmess" time="0.022"/>
</testsuite> <!-- TestNGPrograms.OptionalParameterTest -->
