<?xml version="1.0" encoding="UTF-8"?>
<!-- Generated by org.testng.reporters.JUnitReportReporter -->
<testsuite hostname="DESKTOP-P45SIP8" failures="0" tests="2" name="TestNGPrograms.Annotationtest" time="0.026" errors="0" timestamp="2023-09-15T21:16:01 IST" skipped="0">
  <testcase classname="TestNGPrograms.Annotationtest" name="secondtest" time="0.005"/>
  <testcase classname="TestNGPrograms.Annotationtest" name="firsttest" time="0.021"/>
</testsuite> <!-- TestNGPrograms.Annotationtest -->
