<?xml version="1.0" encoding="UTF-8"?>
<!-- Generated by org.testng.reporters.JUnitReportReporter -->
<testsuite hostname="DESKTOP-P45SIP8" failures="0" tests="2" name="TestNGPrograms.DPLogintest" time="30.248" errors="0" timestamp="2023-09-25T13:07:55 IST" skipped="0">
  <testcase classname="TestNGPrograms.DPLogintest" name="login" time="17.185"/>
  <testcase classname="TestNGPrograms.DPLogintest" name="login" time="13.063"/>
</testsuite> <!-- TestNGPrograms.DPLogintest -->
