<?xml version="1.0" encoding="UTF-8"?>
<!-- Generated by org.testng.reporters.JUnitReportReporter -->
<testsuite hostname="DESKTOP-P45SIP8" failures="0" tests="4" name="TestNGPrograms.DependentTest" time="93.505" errors="0" timestamp="2023-09-19T17:06:16 IST" skipped="0">
  <testcase classname="TestNGPrograms.DependentTest" name="SinUp" time="54.313"/>
  <testcase classname="TestNGPrograms.DependentTest" name="OpenBrowser" time="38.780"/>
  <testcase classname="TestNGPrograms.DependentTest" name="validateLoginform" time="0.410"/>
  <testcase classname="TestNGPrograms.DependentTest" name="logout" time="0.002"/>
</testsuite> <!-- TestNGPrograms.DependentTest -->
