<?xml version="1.0" encoding="UTF-8"?>
<!-- Generated by org.testng.reporters.JUnitReportReporter -->
<testsuite hostname="DESKTOP-P45SIP8" failures="0" tests="4" name="TestMethods.AutomationExerciseTest" time="13.222" errors="0" timestamp="2023-10-03T11:44:53 IST" skipped="0">
  <testcase classname="TestMethods.AutomationExerciseTest" name="validateTitle" time="0.055"/>
  <testcase classname="TestMethods.AutomationExerciseTest" name="validatelogo" time="0.067"/>
  <testcase classname="TestMethods.AutomationExerciseTest" name="logintoautomationpage" time="6.297"/>
  <testcase classname="TestMethods.AutomationExerciseTest" name="sinupTest" time="6.803"/>
</testsuite> <!-- TestMethods.AutomationExerciseTest -->
