<?xml version="1.0" encoding="UTF-8"?>
<!-- Generated by org.testng.reporters.JUnitReportReporter -->
<testsuite hostname="DESKTOP-P45SIP8" failures="0" tests="1" name="TestNGPrograms.ParallelTest" time="29.334" errors="0" timestamp="2023-09-25T21:53:41 IST" skipped="0">
  <testcase classname="TestNGPrograms.ParallelTest" name="loginwithchrome" time="29.334"/>
</testsuite> <!-- TestNGPrograms.ParallelTest -->
