<?xml version="1.0" encoding="UTF-8"?>
<!-- Generated by org.testng.reporters.JUnitReportReporter -->
<testsuite hostname="DESKTOP-P45SIP8" failures="0" tests="2" name="TestNGPrograms.OptionalMessageTest2" time="0.034" errors="0" timestamp="2023-09-24T17:40:35 IST" skipped="0">
  <testcase classname="TestNGPrograms.OptionalMessageTest2" name="OP" time="0.003"/>
  <testcase classname="TestNGPrograms.OptionalMessageTest2" name="OP" time="0.031"/>
</testsuite> <!-- TestNGPrograms.OptionalMessageTest2 -->
