<?xml version="1.0" encoding="UTF-8"?>
<!-- Generated by org.testng.reporters.JUnitReportReporter -->
<testsuite hostname="DESKTOP-P45SIP8" failures="0" tests="2" name="TestNGPrograms.parallelTet2" time="44.634" errors="0" timestamp="2023-09-26T13:43:11 IST" skipped="0">
  <testcase classname="TestNGPrograms.parallelTet2" name="loginwithFirefox" time="25.441"/>
  <testcase classname="TestNGPrograms.parallelTet2" name="loginwithchrome" time="19.193"/>
  <system-out>
    <![CDATA[we use google chrome version 117 for launching chrome browser]]>
  </system-out>
</testsuite> <!-- TestNGPrograms.parallelTet2 -->
